----------------------------------------------------------------------------------------------------
------------------------------------ MegaLinter, by OX Security ------------------------------------
----------------------------------------------------------------------------------------------------
 - Image Creation Date: 2023-06-11T16:56:47Z
 - Image Revision: a7b1a3af0f3bd4de4db855969d27e224005665a6
 - Image Version: v7.1.0
----------------------------------------------------------------------------------------------------
The MegaLinter documentation can be found at:
 - https://megalinter.io/7.1.0
----------------------------------------------------------------------------------------------------
::group::MegaLinter initialization (expand for details)
MegaLinter will analyze workspace [/github/workspace]
GITHUB_REPOSITORY: ELynx/screeps-arena
GITHUB_REF: refs/heads/built-tests
GITHUB_RUN_ID: 5604213821


[Activation] EDITORCONFIG_EDITORCONFIG_CHECKER has been set inactive, as none of these files has been found: ['.editorconfig']
[Activation] JAVASCRIPT_ES has been set inactive, as none of these files has been found: ['.eslintrc.json', '.eslintrc.yml', '.eslintrc.yaml', '.eslintrc.js', '.eslintrc.cjs', 'package.json:eslintConfig']
[Activation] JSX_ESLINT has been set inactive, as none of these files has been found: ['.eslintrc.json', '.eslintrc.yml', '.eslintrc.yaml', '.eslintrc.js', '.eslintrc.cjs', 'package.json:eslintConfig']
[Activation] KUBERNETES_HELM has been set inactive, as none of these files has been found: ['Chart.yml', 'Chart.yaml']
[Activation] KUBERNETES_KUBESCAPE has been set inactive, as none of these files has been found: ['Chart.yml', 'Chart.yaml']
[SemgrepLinter] Deactivated because no ruleset has been defined
[Activation] SPELL_PROSELINT has been set inactive, as none of these files has been found: ['.proselintrc', 'proselint/config.json']
[Activation] SPELL_VALE has been set inactive, as none of these files has been found: ['.vale.ini']
[Activation] SQL_SQLFLUFF has been set inactive, as none of these files has been found: ['.sqlfluff']
[Activation] SWIFT_SWIFTLINT has been set inactive, as none of these files has been found: ['.swiftlint.yml']
[Activation] TSX_ESLINT has been set inactive, as none of these files has been found: ['.eslintrc.json', '.eslintrc.yml', '.eslintrc.yaml', '.eslintrc.js', '.eslintrc.cjs', 'package.json:eslintConfig']
[Activation] TYPESCRIPT_ES has been set inactive, as none of these files has been found: ['.eslintrc.json', '.eslintrc.yml', '.eslintrc.yaml', '.eslintrc.js', '.eslintrc.cjs', 'package.json:eslintConfig']
MARKDOWN_REMARK_LINT has been temporary disabled in MegaLinter, please use a previous MegaLinter version or wait for the next one !
Skipped linters: ANSIBLE_ANSIBLE_LINT, COPYPASTE_JSCPD, EDITORCONFIG_EDITORCONFIG_CHECKER, JAVASCRIPT_ES, JAVASCRIPT_PRETTIER, JSX_ESLINT, KUBERNETES_HELM, KUBERNETES_KUBECONFORM, KUBERNETES_KUBESCAPE, MARKDOWN_REMARK_LINT, REPOSITORY_SEMGREP, SALESFORCE_SFDX_SCANNER_APEX, SALESFORCE_SFDX_SCANNER_AURA, SALESFORCE_SFDX_SCANNER_LWC, SPELL_CSPELL, SPELL_PROSELINT, SPELL_VALE, SQL_SQLFLUFF, SWIFT_SWIFTLINT, TSX_ESLINT, TYPESCRIPT_ES, TYPESCRIPT_PRETTIER
To receive reports as email, please set variable EMAIL_REPORTER_EMAIL
::endgroup::
::group::MegaLinter now collects the files to analyse (expand for details)
Listing all files in directory [/github/workspace], then filter with:
- File extensions: , .R, .RMD, .Rmd, .bash, .bicep, .c, .c++, .cc, .cdxml, .clj, .cljc, .cljs, .coffee, .cpp, .cs, .css, .cu, .cuh, .cxx, .dart, .dash, .edn, .env, .feature, .go, .gradle, .graphql, .groovy, .gvy, .h, .h++, .hcl, .hh, .hpp, .htm, .html, .hxx, .java, .js, .json, .json5, .jsonc, .ksh, .kt, .kts, .lua, .md, .nf, .p6, .php, .pl, .pl6, .pm, .pm6, .pp, .proto, .ps1, .ps1xml, .psd1, .psm1, .psrc, .pssc, .py, .r, .raku, .rakumod, .rakutest, .rb, .rs, .rst, .saas, .scala, .scss, .sh, .smk, .sql, .t, .tex, .tf, .ts, .vb, .xml, .yaml, .yml
- File names (regex): Dockerfile, Jenkinsfile, Makefile, Snakefile, package\.json
- Excluding regex: (src\/[\w-]+\/typings\/.*\.d\.ts|dist\/.*)
- Excluding .gitignored files [0]: 
Kept [7] files on [8] found files

+----MATCHING LINTERS----------------+---------------------+----------------+------------+
| Descriptor | Linter                | Criteria            | Matching files | Format/Fix |
+------------+-----------------------+---------------------+----------------+------------+
| ACTION     | actionlint            | .yml|.yaml          | 2              | no         |
| JAVASCRIPT | standard              | .js                 | 1              | yes        |
| JSON       | jsonlint              | .json               | 3              | no         |
| JSON       | eslint-plugin-jsonc   | .json|.json5|.jsonc | 3              | yes        |
| JSON       | v8r                   | .json               | 3              | no         |
| JSON       | prettier              | .json               | 3              | yes        |
| JSON       | npm-package-json-lint | .json|package\.json | project        | no         |
| REPOSITORY | checkov               |                     | project        | no         |
| REPOSITORY | devskim               |                     | project        | no         |
| REPOSITORY | dustilock             |                     | project        | no         |
| REPOSITORY | git_diff              |                     | project        | no         |
| REPOSITORY | gitleaks              |                     | project        | no         |
| REPOSITORY | kics                  |                     | project        | no         |
| REPOSITORY | secretlint            |                     | project        | no         |
| REPOSITORY | syft                  |                     | project        | no         |
| REPOSITORY | trivy                 |                     | project        | no         |
| TYPESCRIPT | standard              | .ts                 | 1              | yes        |
| YAML       | prettier              | .yml|.yaml          | 2              | yes        |
| YAML       | yamllint              | .yml|.yaml          | 2              | no         |
| YAML       | v8r                   | .yml|.yaml          | 2              | no         |
+------------+-----------------------+---------------------+----------------+------------+
::endgroup::
Processing linters on [2] parallel cores…
::group::[32m✅ Linted [JAVASCRIPT] files with [standard] successfully - (1.35s)[0m (expand for details)
- Using [standard v17.1.0] https://megalinter.io/7.1.0/descriptors/javascript_standard
- MegaLinter key: [JAVASCRIPT_STANDARD]
- Rules config: identified by [standard]
- Number of files analyzed: [1]
::endgroup::
::group::[32m✅ Linted [YAML] files with [prettier] successfully - (0.51s)[0m (expand for details)
- Using [prettier v2.8.8] https://megalinter.io/7.1.0/descriptors/yaml_prettier
- MegaLinter key: [YAML_PRETTIER]
- Rules config: identified by [prettier]
- Number of files analyzed: [2]
::endgroup::
::group::[32m✅ Linted [TYPESCRIPT] files with [standard] successfully - (2.2s)[0m (expand for details)
- Using [standard v17.1.0] https://megalinter.io/7.1.0/descriptors/typescript_standard
- MegaLinter key: [TYPESCRIPT_STANDARD]
- Rules config: identified by [standard]
- Number of files analyzed: [1]
::endgroup::
::group::[32m✅ Linted [JSON] files with [eslint-plugin-jsonc] successfully - (0.71s)[0m (expand for details)
- Using [eslint-plugin-jsonc v2.8.0] https://megalinter.io/7.1.0/descriptors/json_eslint_plugin_jsonc
- MegaLinter key: [JSON_ESLINT_PLUGIN_JSONC]
- Rules config: [.eslintrc-json.json]
- Number of files analyzed: [3]
::endgroup::
::group::[32m✅ Linted [JSON] files with [prettier] successfully - (0.42s)[0m (expand for details)
- Using [prettier v2.8.8] https://megalinter.io/7.1.0/descriptors/json_prettier
- MegaLinter key: [JSON_PRETTIER]
- Rules config: identified by [prettier]
- Number of files analyzed: [3]
::endgroup::
::group::[32m✅ Linted [REPOSITORY] files with [secretlint] successfully - (0.55s)[0m (expand for details)
- Using [secretlint v6.2.3] https://megalinter.io/7.1.0/descriptors/repository_secretlint
- MegaLinter key: [REPOSITORY_SECRETLINT]
- Rules config: [.secretlintrc.json]
- Ignore file: [.secretlintignore]
::endgroup::
::group::[32m✅ Linted [JSON] files with [v8r] successfully - (5.52s)[0m (expand for details)
- Using [v8r v2.0.0] https://megalinter.io/7.1.0/descriptors/json_v8r
- MegaLinter key: [JSON_V8R]
- Rules config: identified by [v8r]
- Number of files analyzed: [3]
::endgroup::
::group::[32m✅ Linted [YAML] files with [v8r] successfully - (2.98s)[0m (expand for details)
- Using [v8r v2.0.0] https://megalinter.io/7.1.0/descriptors/yaml_v8r
- MegaLinter key: [YAML_V8R]
- Rules config: identified by [v8r]
- Number of files analyzed: [2]
::endgroup::
::group::[32m✅ Linted [REPOSITORY] files with [trivy] successfully - (3.64s)[0m (expand for details)
- Using [trivy v0.42.1] https://megalinter.io/7.1.0/descriptors/repository_trivy
- MegaLinter key: [REPOSITORY_TRIVY]
- Rules config: identified by [trivy]
::endgroup::
::group::[32m✅ Linted [ACTION] files with [actionlint] successfully - (0.05s)[0m (expand for details)
- Using [actionlint v1.6.24] https://megalinter.io/7.1.0/descriptors/action_actionlint
- MegaLinter key: [ACTION_ACTIONLINT]
- Rules config: identified by [actionlint]
- Number of files analyzed: [2]
::endgroup::
::group::[32m✅ Linted [JSON] files with [jsonlint] successfully - (0.18s)[0m (expand for details)
- Using [jsonlint v14.0.3] https://megalinter.io/7.1.0/descriptors/json_jsonlint
- MegaLinter key: [JSON_JSONLINT]
- Rules config: identified by [jsonlint]
- Number of files analyzed: [3]
::endgroup::
::group::[32m✅ Linted [JSON] files with [npm-package-json-lint] successfully - (0.46s)[0m (expand for details)
- Using [npm-package-json-lint v6.4.0] https://megalinter.io/7.1.0/descriptors/json_npm_package_json_lint
- MegaLinter key: [JSON_NPM_PACKAGE_JSON_LINT]
- Rules config: [.npmpackagejsonlintrc.json]
::endgroup::
::group::[32m✅ Linted [REPOSITORY] files with [gitleaks] successfully - (0.18s)[0m (expand for details)
- Using [gitleaks v8.16.4] https://megalinter.io/7.1.0/descriptors/repository_gitleaks
- MegaLinter key: [REPOSITORY_GITLEAKS]
- Rules config: [.gitleaks.toml]
::endgroup::
::group::[32m✅ Linted [YAML] files with [yamllint] successfully - (0.39s)[0m (expand for details)
- Using [yamllint v1.32.0] https://megalinter.io/7.1.0/descriptors/yaml_yamllint
- MegaLinter key: [YAML_YAMLLINT]
- Rules config: [.yamllint.yml]
- Number of files analyzed: [2]
::endgroup::
::group::[32m✅ Linted [REPOSITORY] files with [git_diff] successfully - (0.0s)[0m (expand for details)
- Using [git_diff v2.38.5] https://megalinter.io/7.1.0/descriptors/repository_git_diff
- MegaLinter key: [REPOSITORY_GIT_DIFF]
- Rules config: identified by [git_diff]
::endgroup::
::group::[32m✅ Linted [REPOSITORY] files with [checkov] successfully - (8.31s)[0m (expand for details)
- Using [checkov v2.3.285] https://megalinter.io/7.1.0/descriptors/repository_checkov
- MegaLinter key: [REPOSITORY_CHECKOV]
- Rules config: [.checkov.yml]
::endgroup::

+----SUMMARY----+-----------------------+---------------+-------+-------+--------+--------------+
| Descriptor    | Linter                | Mode          | Files | Fixed | Errors | Elapsed time |
+---------------+-----------------------+---------------+-------+-------+--------+--------------+
| ✅ ACTION     | actionlint            | list_of_files |     2 |       |      0 |        0.05s |
| ✅ JAVASCRIPT | standard              | list_of_files |     1 |     1 |      0 |        1.35s |
| ✅ JSON       | eslint-plugin-jsonc   | list_of_files |     3 |     0 |      0 |        0.71s |
| ✅ JSON       | jsonlint              | list_of_files |     3 |       |      0 |        0.18s |
| ✅ JSON       | npm-package-json-lint | project       |   n/a |       |      0 |        0.46s |
| ✅ JSON       | prettier              | list_of_files |     3 |     0 |      0 |        0.42s |
| ✅ JSON       | v8r                   | list_of_files |     3 |       |      0 |        5.52s |
| ✅ REPOSITORY | checkov               | project       |   n/a |       |      0 |        8.31s |
| ✅ REPOSITORY | gitleaks              | project       |   n/a |       |      0 |        0.18s |
| ✅ REPOSITORY | git_diff              | project       |   n/a |       |      0 |         0.0s |
| ✅ REPOSITORY | secretlint            | project       |   n/a |       |      0 |        0.55s |
| ✅ REPOSITORY | trivy                 | project       |   n/a |       |      0 |        3.64s |
| ✅ TYPESCRIPT | standard              | list_of_files |     1 |     0 |      0 |         2.2s |
| ✅ YAML       | prettier              | list_of_files |     2 |     0 |      0 |        0.51s |
| ✅ YAML       | v8r                   | list_of_files |     2 |       |      0 |        2.98s |
| ✅ YAML       | yamllint              | list_of_files |     2 |       |      0 |        0.39s |
+---------------+-----------------------+---------------+-------+-------+--------+--------------+

[GitHub Comment Reporter] No pull request has been found, so no comment has been posted
[Updated Sources Reporter] copied 1 fixed source files in folder /github/workspace/megalinter-reports/updated_sources.
Download it from artifacts then copy-paste it in your local repo to apply linters updates
[32m✅ Successfully linted all files without errors[0m
